<?xml version="1.0" encoding="UTF-8"?>
<!-- Generated by org.testng.reporters.JUnitReportReporter -->
<testsuite skipped="0" hostname="DESKTOP-TBB3A0B" name="test.SauceDemoLoginTest" tests="3" failures="0" timestamp="2020-07-20T01:01:01 CEST" time="0.634" errors="0">
  <testcase name="textboxEmptyAndMessage" time="0.177" classname="test.SauceDemoLoginTest"/>
  <system-out/>
  <testcase name="usernameBoxEmptyAndMessage" time="0.228" classname="test.SauceDemoLoginTest"/>
  <system-out/>
  <testcase name="passwordBoxEmptyAndMessage" time="0.229" classname="test.SauceDemoLoginTest"/>
  <system-out/>
</testsuite> <!-- test.SauceDemoLoginTest -->
