<?xml version="1.0" encoding="UTF-8"?>
<!-- Generated by org.testng.reporters.JUnitReportReporter -->
<testsuite skipped="0" hostname="DESKTOP-TBB3A0B" name="test.SauceDemoLoginTest" tests="3" failures="0" timestamp="2020-07-15T22:53:17 CEST" time="0.673" errors="0">
  <testcase name="textboxEmptyAndMessage" time="0.175" classname="test.SauceDemoLoginTest"/>
  <system-out/>
  <testcase name="usernameBoxEmptyAndMessage" time="0.263" classname="test.SauceDemoLoginTest"/>
  <system-out/>
  <testcase name="passwordBoxEmptyAndMessage" time="0.235" classname="test.SauceDemoLoginTest"/>
  <system-out/>
</testsuite> <!-- test.SauceDemoLoginTest -->
